0 verbose cli /data/data/com.termux/files/usr/bin/node /data/data/com.termux/files/usr/bin/npm
1 info using npm@11.13.0
2 info using node@v25.8.2
3 silly config load:file:/data/data/com.termux/files/usr/lib/node_modules/npm/npmrc
4 silly config load:file:/data/data/com.termux/files/home/.npmrc
5 silly config load:file:/data/data/com.termux/files/usr/etc/npmrc
6 verbose title npm install
7 verbose argv "install"
8 verbose logfile logs-max:10 dir:/data/data/com.termux/files/home/.npm/_logs/2026-05-01T01_07_45_343Z-
9 verbose logfile /data/data/com.termux/files/home/.npm/_logs/2026-05-01T01_07_45_343Z-debug-0.log
10 silly logfile start cleaning logs, removing 1 files
11 silly logfile done cleaning log files
12 silly packumentCache heap:1174405120 maxSize:293601280 maxEntrySize:146800640
13 silly idealTree buildDeps
14 silly reify moves {}
15 silly audit bulk request {
15 silly audit   '@adraffy/ens-normalize': [ '1.10.1' ],
15 silly audit   '@discordjs/builders': [ '1.14.1' ],
15 silly audit   '@discordjs/collection': [ '1.5.3', '2.1.1' ],
15 silly audit   '@discordjs/formatters': [ '0.6.2' ],
15 silly audit   '@discordjs/rest': [ '2.6.1' ],
15 silly audit   '@sapphire/snowflake': [ '3.5.5', '3.5.3' ],
15 silly audit   undici: [ '6.24.1', '6.25.0' ],
15 silly audit   '@discordjs/util': [ '1.2.0' ],
15 silly audit   '@discordjs/ws': [ '1.2.3' ],
15 silly audit   '@esbuild/aix-ppc64': [ '0.27.7' ],
15 silly audit   '@esbuild/android-arm': [ '0.27.7' ],
15 silly audit   '@esbuild/android-arm64': [ '0.27.7' ],
15 silly audit   '@esbuild/android-x64': [ '0.27.7' ],
15 silly audit   '@esbuild/darwin-arm64': [ '0.27.7' ],
15 silly audit   '@esbuild/darwin-x64': [ '0.27.7' ],
15 silly audit   '@esbuild/freebsd-arm64': [ '0.27.7' ],
15 silly audit   '@esbuild/freebsd-x64': [ '0.27.7' ],
15 silly audit   '@esbuild/linux-arm': [ '0.27.7' ],
15 silly audit   '@esbuild/linux-arm64': [ '0.27.7' ],
15 silly audit   '@esbuild/linux-ia32': [ '0.27.7' ],
15 silly audit   '@esbuild/linux-loong64': [ '0.27.7' ],
15 silly audit   '@esbuild/linux-mips64el': [ '0.27.7' ],
15 silly audit   '@esbuild/linux-ppc64': [ '0.27.7' ],
15 silly audit   '@esbuild/linux-riscv64': [ '0.27.7' ],
15 silly audit   '@esbuild/linux-s390x': [ '0.27.7' ],
15 silly audit   '@esbuild/linux-x64': [ '0.27.7' ],
15 silly audit   '@esbuild/netbsd-arm64': [ '0.27.7' ],
15 silly audit   '@esbuild/netbsd-x64': [ '0.27.7' ],
15 silly audit   '@esbuild/openbsd-arm64': [ '0.27.7' ],
15 silly audit   '@esbuild/openbsd-x64': [ '0.27.7' ],
15 silly audit   '@esbuild/openharmony-arm64': [ '0.27.7' ],
15 silly audit   '@esbuild/sunos-x64': [ '0.27.7' ],
15 silly audit   '@esbuild/win32-arm64': [ '0.27.7' ],
15 silly audit   '@esbuild/win32-ia32': [ '0.27.7' ],
15 silly audit   '@esbuild/win32-x64': [ '0.27.7' ],
15 silly audit   '@google/generative-ai': [ '0.24.1' ],
15 silly audit   '@noble/curves': [ '1.2.0', '1.4.2', '1.8.2' ],
15 silly audit   '@noble/hashes': [ '1.3.2', '1.4.0', '1.7.2' ],
15 silly audit   '@nomicfoundation/edr': [ '0.12.0-next.29' ],
15 silly audit   '@nomicfoundation/edr-darwin-arm64': [ '0.12.0-next.29' ],
15 silly audit   '@nomicfoundation/edr-darwin-x64': [ '0.12.0-next.29' ],
15 silly audit   '@nomicfoundation/edr-linux-arm64-gnu': [ '0.12.0-next.29' ],
15 silly audit   '@nomicfoundation/edr-linux-arm64-musl': [ '0.12.0-next.29' ],
15 silly audit   '@nomicfoundation/edr-linux-x64-gnu': [ '0.12.0-next.29' ],
15 silly audit   '@nomicfoundation/edr-linux-x64-musl': [ '0.12.0-next.29' ],
15 silly audit   '@nomicfoundation/edr-win32-x64-msvc': [ '0.12.0-next.29' ],
15 silly audit   '@nomicfoundation/hardhat-errors': [ '3.0.11' ],
15 silly audit   '@nomicfoundation/hardhat-toolbox': [ '7.0.0' ],
15 silly audit   '@nomicfoundation/hardhat-utils': [ '4.0.4' ],
15 silly audit   debug: [ '4.4.3', '2.6.9' ],
15 silly audit   ms: [ '2.1.3', '2.0.0' ],
15 silly audit   '@nomicfoundation/hardhat-vendored': [ '3.0.2' ],
15 silly audit   '@nomicfoundation/hardhat-zod-utils': [ '3.0.4' ],
15 silly audit   '@nomicfoundation/solidity-analyzer': [ '0.1.2' ],
15 silly audit   '@nomicfoundation/solidity-analyzer-darwin-arm64': [ '0.1.2' ],
15 silly audit   '@nomicfoundation/solidity-analyzer-darwin-x64': [ '0.1.2' ],
15 silly audit   '@nomicfoundation/solidity-analyzer-linux-arm64-gnu': [ '0.1.2' ],
15 silly audit   '@nomicfoundation/solidity-analyzer-linux-arm64-musl': [ '0.1.2' ],
15 silly audit   '@nomicfoundation/solidity-analyzer-linux-x64-gnu': [ '0.1.2' ],
15 silly audit   '@nomicfoundation/solidity-analyzer-linux-x64-musl': [ '0.1.2' ],
15 silly audit   '@nomicfoundation/solidity-analyzer-win32-x64-msvc': [ '0.1.2' ],
15 silly audit   '@sapphire/async-queue': [ '1.5.5' ],
15 silly audit   '@sapphire/shapeshift': [ '4.0.0' ],
15 silly audit   '@scure/base': [ '1.1.9', '1.2.6' ],
15 silly audit   '@scure/bip32': [ '1.4.0' ],
15 silly audit   '@scure/bip39': [ '1.3.0' ],
15 silly audit   '@sentry/core': [ '9.47.1' ],
15 silly audit   '@streamparser/json': [ '0.0.22' ],
15 silly audit   '@streamparser/json-node': [ '0.0.22' ],
15 silly audit   '@types/node': [ '22.7.5' ],
15 silly audit   '@types/ws': [ '8.18.1' ],
15 silly audit   '@vladfrangu/async_event_emitter': [ '2.4.7' ],
15 silly audit   accepts: [ '1.3.8' ],
15 silly audit   'adm-zip': [ '0.4.16' ],
15 silly audit   'aes-js': [ '4.0.0-beta.5' ],
15 silly audit   'ansi-colors': [ '4.1.3' ],
15 silly audit   'ansi-regex': [ '5.0.1' ],
15 silly audit   'array-flatten': [ '1.1.1' ],
15 silly audit   'body-parser': [ '1.20.4' ],
15 silly audit   bytes: [ '3.1.2' ],
15 silly audit   'call-bind-apply-helpers': [ '1.0.2' ],
15 silly audit   'call-bound': [ '1.0.4' ],
15 silly audit   chalk: [ '5.6.2' ],
15 silly audit   chokidar: [ '4.0.3' ],
15 silly audit   'content-disposition': [ '0.5.4' ],
15 silly audit   'content-type': [ '1.0.5' ],
15 silly audit   cookie: [ '0.7.2' ],
15 silly audit   'cookie-signature': [ '1.0.7' ],
15 silly audit   depd: [ '2.0.0' ],
15 silly audit   destroy: [ '1.2.0' ],
15 silly audit   'discord-api-types': [ '0.38.47' ],
15 silly audit   'discord.js': [ '14.26.3' ],
15 silly audit   dotenv: [ '16.6.1' ],
15 silly audit   'dunder-proto': [ '1.0.1' ],
15 silly audit   'ee-first': [ '1.1.1' ],
15 silly audit   encodeurl: [ '2.0.0' ],
15 silly audit   enquirer: [ '2.4.1' ],
15 silly audit   'env-paths': [ '2.2.1' ],
15 silly audit   'es-define-property': [ '1.0.1' ],
15 silly audit   'es-errors': [ '1.3.0' ],
15 silly audit   'es-object-atoms': [ '1.1.1' ],
15 silly audit   esbuild: [ '0.27.7' ],
15 silly audit   'escape-html': [ '1.0.3' ],
15 silly audit   etag: [ '1.8.1' ],
15 silly audit   'ethereum-cryptography': [ '2.2.1' ],
15 silly audit   ethers: [ '6.16.0' ],
15 silly audit   ws: [ '8.17.1', '8.20.0' ],
15 silly audit   express: [ '4.22.1' ],
15 silly audit   'fast-deep-equal': [ '3.1.3' ],
15 silly audit   'fast-equals': [ '5.4.0' ],
15 silly audit   finalhandler: [ '1.3.2' ],
15 silly audit   forwarded: [ '0.2.0' ],
15 silly audit   fresh: [ '0.5.2' ],
15 silly audit   fsevents: [ '2.3.3' ],
15 silly audit   'function-bind': [ '1.1.2' ],
15 silly audit   'get-intrinsic': [ '1.3.0' ],
15 silly audit   'get-proto': [ '1.0.1' ],
15 silly audit   'get-tsconfig': [ '4.14.0' ],
15 silly audit   gopd: [ '1.2.0' ],
15 silly audit   hardhat: [ '3.4.1' ],
15 silly audit   'has-symbols': [ '1.1.0' ],
15 silly audit   hasown: [ '2.0.3' ],
15 silly audit   'http-errors': [ '2.0.1' ],
15 silly audit   'iconv-lite': [ '0.4.24' ],
15 silly audit   inherits: [ '2.0.4' ],
15 silly audit   'ipaddr.js': [ '1.9.1' ],
15 silly audit   'json-stream-stringify': [ '3.1.6' ],
15 silly audit   lodash: [ '4.18.1' ],
15 silly audit   'lodash.snakecase': [ '4.1.1' ],
15 silly audit   'magic-bytes.js': [ '1.13.0' ],
15 silly audit   'math-intrinsics': [ '1.1.0' ],
15 silly audit   'media-typer': [ '0.3.0' ],
15 silly audit   'merge-descriptors': [ '1.0.3' ],
15 silly audit   methods: [ '1.1.2' ],
15 silly audit   'micro-eth-signer': [ '0.14.0' ],
15 silly audit   'micro-packed': [ '0.7.3' ],
15 silly audit   mime: [ '1.6.0' ],
15 silly audit   'mime-db': [ '1.52.0' ],
15 silly audit   'mime-types': [ '2.1.35' ],
15 silly audit   negotiator: [ '0.6.3' ],
15 silly audit   'object-inspect': [ '1.13.4' ],
15 silly audit   'on-finished': [ '2.4.1' ],
15 silly audit   'p-map': [ '7.0.4' ],
15 silly audit   parseurl: [ '1.3.3' ],
15 silly audit   'path-to-regexp': [ '0.1.13' ],
15 silly audit   'proxy-addr': [ '2.0.7' ],
15 silly audit   qs: [ '6.14.2' ],
15 silly audit   'range-parser': [ '1.2.1' ],
15 silly audit   'raw-body': [ '2.5.3' ],
15 silly audit   readdirp: [ '4.1.2' ],
15 silly audit   'resolve-pkg-maps': [ '1.0.0' ],
15 silly audit   'resolve.exports': [ '2.0.3' ],
15 silly audit   rfdc: [ '1.4.1' ],
15 silly audit   'safe-buffer': [ '5.2.1' ],
15 silly audit   'safer-buffer': [ '2.1.2' ],
15 silly audit   semver: [ '7.7.4' ],
15 silly audit   send: [ '0.19.2' ],
15 silly audit   'serve-static': [ '1.16.3' ],
15 silly audit   setprototypeof: [ '1.2.0' ],
15 silly audit   'side-channel': [ '1.1.0' ],
15 silly audit   'side-channel-list': [ '1.0.1' ],
15 silly audit   'side-channel-map': [ '1.0.1' ],
15 silly audit   'side-channel-weakmap': [ '1.0.2' ],
15 silly audit   statuses: [ '2.0.2' ],
15 silly audit   'strip-ansi': [ '6.0.1' ],
15 silly audit   toidentifier: [ '1.0.1' ],
15 silly audit   'ts-mixer': [ '6.0.4' ],
15 silly audit   tslib: [ '2.7.0' ],
15 silly audit   tsx: [ '4.21.0' ],
15 silly audit   'type-is': [ '1.6.18' ],
15 silly audit   'undici-types': [ '6.19.8' ],
15 silly audit   unpipe: [ '1.0.0' ],
15 silly audit   'utils-merge': [ '1.0.1' ],
15 silly audit   uuid: [ '9.0.1' ],
15 silly audit   vary: [ '1.1.2' ],
15 silly audit   zod: [ '3.25.76' ]
15 silly audit }
16 http fetch POST 200 https://registry.npmjs.org/-/npm/v1/security/advisories/bulk 1043ms
17 silly audit report {
17 silly audit report   uuid: [
17 silly audit report     {
17 silly audit report       id: 1116970,
17 silly audit report       url: 'https://github.com/advisories/GHSA-w5hq-g745-h8pq',
17 silly audit report       title: 'uuid: Missing buffer bounds check in v3/v5/v6 when buf is provided',
17 silly audit report       severity: 'moderate',
17 silly audit report       vulnerable_versions: '<14.0.0',
17 silly audit report       cwe: [Array],
17 silly audit report       cvss: [Object]
17 silly audit report     }
17 silly audit report   ]
17 silly audit report }
18 silly packumentCache corgi:https://registry.npmjs.org/uuid cache-miss
19 http fetch GET 200 https://registry.npmjs.org/uuid 214ms (cache updated)
20 silly packumentCache corgi:https://registry.npmjs.org/uuid set size:undefined disposed:false
21 verbose cwd /data/data/com.termux/files/home
22 verbose os Linux 6.12.23-android16-5-abA165MUBS8CZB4-4k
23 verbose node v25.8.2
24 verbose npm  v11.13.0
25 verbose exit 0
26 info ok
