0 verbose cli /data/data/com.termux/files/usr/bin/node /data/data/com.termux/files/usr/bin/npm
1 info using npm@11.12.1
2 info using node@v25.8.2
3 silly config load:file:/data/data/com.termux/files/usr/lib/node_modules/npm/npmrc
4 silly config load:file:/data/data/com.termux/files/home/.npmrc
5 silly config load:file:/data/data/com.termux/files/usr/etc/npmrc
6 verbose title npm install @google/generative-ai ethers dotenv
7 verbose argv "install" "@google/generative-ai" "ethers" "dotenv"
8 verbose logfile logs-max:10 dir:/data/data/com.termux/files/home/.npm/_logs/2026-04-27T20_05_08_510Z-
9 verbose logfile /data/data/com.termux/files/home/.npm/_logs/2026-04-27T20_05_08_510Z-debug-0.log
10 silly logfile start cleaning logs, removing 1 files
11 silly packumentCache heap:1174405120 maxSize:293601280 maxEntrySize:146800640
12 silly logfile done cleaning log files
13 silly idealTree buildDeps
14 silly fetch manifest ethers@^6.7.0
15 silly packumentCache full:https://registry.npmjs.org/ethers cache-miss
16 http fetch GET 200 https://registry.npmjs.org/ethers 6727ms (cache revalidated)
17 silly packumentCache full:https://registry.npmjs.org/ethers set size:1373706 disposed:false
18 silly fetch manifest dotenv@^16.3.1
19 silly packumentCache full:https://registry.npmjs.org/dotenv cache-miss
20 http fetch GET 200 https://registry.npmjs.org/dotenv 228ms (cache updated)
21 silly packumentCache full:https://registry.npmjs.org/dotenv set size:undefined disposed:false
22 silly fetch manifest @google/generative-ai@*
23 silly packumentCache full:https://registry.npmjs.org/@google%2fgenerative-ai cache-miss
24 http fetch GET 200 https://registry.npmjs.org/@google%2fgenerative-ai 164ms (cache miss)
25 silly packumentCache full:https://registry.npmjs.org/@google%2fgenerative-ai set size:undefined disposed:false
26 silly placeDep ROOT @google/generative-ai@0.24.1 OK for: red-62-ruta-62@1.0.0 want: *
27 silly placeDep ROOT dotenv@16.6.1 REPLACE for: red-62-ruta-62@1.0.0 want: ^16.3.1
28 silly placeDep ROOT ethers@6.16.0 REPLACE for: red-62-ruta-62@1.0.0 want: ^6.7.0
29 silly reify moves {}
30 silly audit bulk request {
30 silly audit   '@adraffy/ens-normalize': [ '1.10.1' ],
30 silly audit   '@esbuild/aix-ppc64': [ '0.27.7' ],
30 silly audit   '@esbuild/android-arm': [ '0.27.7' ],
30 silly audit   '@esbuild/android-arm64': [ '0.27.7' ],
30 silly audit   '@esbuild/android-x64': [ '0.27.7' ],
30 silly audit   '@esbuild/darwin-arm64': [ '0.27.7' ],
30 silly audit   '@esbuild/darwin-x64': [ '0.27.7' ],
30 silly audit   '@esbuild/freebsd-arm64': [ '0.27.7' ],
30 silly audit   '@esbuild/freebsd-x64': [ '0.27.7' ],
30 silly audit   '@esbuild/linux-arm': [ '0.27.7' ],
30 silly audit   '@esbuild/linux-arm64': [ '0.27.7' ],
30 silly audit   '@esbuild/linux-ia32': [ '0.27.7' ],
30 silly audit   '@esbuild/linux-loong64': [ '0.27.7' ],
30 silly audit   '@esbuild/linux-mips64el': [ '0.27.7' ],
30 silly audit   '@esbuild/linux-ppc64': [ '0.27.7' ],
30 silly audit   '@esbuild/linux-riscv64': [ '0.27.7' ],
30 silly audit   '@esbuild/linux-s390x': [ '0.27.7' ],
30 silly audit   '@esbuild/linux-x64': [ '0.27.7' ],
30 silly audit   '@esbuild/netbsd-arm64': [ '0.27.7' ],
30 silly audit   '@esbuild/netbsd-x64': [ '0.27.7' ],
30 silly audit   '@esbuild/openbsd-arm64': [ '0.27.7' ],
30 silly audit   '@esbuild/openbsd-x64': [ '0.27.7' ],
30 silly audit   '@esbuild/openharmony-arm64': [ '0.27.7' ],
30 silly audit   '@esbuild/sunos-x64': [ '0.27.7' ],
30 silly audit   '@esbuild/win32-arm64': [ '0.27.7' ],
30 silly audit   '@esbuild/win32-ia32': [ '0.27.7' ],
30 silly audit   '@esbuild/win32-x64': [ '0.27.7' ],
30 silly audit   '@noble/curves': [ '1.2.0', '1.4.2', '1.8.2' ],
30 silly audit   '@noble/hashes': [ '1.3.2', '1.4.0', '1.7.2' ],
30 silly audit   '@nomicfoundation/edr': [ '0.12.0-next.29' ],
30 silly audit   '@nomicfoundation/edr-darwin-arm64': [ '0.12.0-next.29' ],
30 silly audit   '@nomicfoundation/edr-darwin-x64': [ '0.12.0-next.29' ],
30 silly audit   '@nomicfoundation/edr-linux-arm64-gnu': [ '0.12.0-next.29' ],
30 silly audit   '@nomicfoundation/edr-linux-arm64-musl': [ '0.12.0-next.29' ],
30 silly audit   '@nomicfoundation/edr-linux-x64-gnu': [ '0.12.0-next.29' ],
30 silly audit   '@nomicfoundation/edr-linux-x64-musl': [ '0.12.0-next.29' ],
30 silly audit   '@nomicfoundation/edr-win32-x64-msvc': [ '0.12.0-next.29' ],
30 silly audit   '@nomicfoundation/hardhat-errors': [ '3.0.11' ],
30 silly audit   '@nomicfoundation/hardhat-toolbox': [ '7.0.0' ],
30 silly audit   '@nomicfoundation/hardhat-utils': [ '4.0.4' ],
30 silly audit   debug: [ '4.4.3', '2.6.9' ],
30 silly audit   ms: [ '2.1.3', '2.0.0' ],
30 silly audit   '@nomicfoundation/hardhat-vendored': [ '3.0.2' ],
30 silly audit   '@nomicfoundation/hardhat-zod-utils': [ '3.0.4' ],
30 silly audit   '@nomicfoundation/solidity-analyzer': [ '0.1.2' ],
30 silly audit   '@nomicfoundation/solidity-analyzer-darwin-arm64': [ '0.1.2' ],
30 silly audit   '@nomicfoundation/solidity-analyzer-darwin-x64': [ '0.1.2' ],
30 silly audit   '@nomicfoundation/solidity-analyzer-linux-arm64-gnu': [ '0.1.2' ],
30 silly audit   '@nomicfoundation/solidity-analyzer-linux-arm64-musl': [ '0.1.2' ],
30 silly audit   '@nomicfoundation/solidity-analyzer-linux-x64-gnu': [ '0.1.2' ],
30 silly audit   '@nomicfoundation/solidity-analyzer-linux-x64-musl': [ '0.1.2' ],
30 silly audit   '@nomicfoundation/solidity-analyzer-win32-x64-msvc': [ '0.1.2' ],
30 silly audit   '@scure/base': [ '1.1.9', '1.2.6' ],
30 silly audit   '@scure/bip32': [ '1.4.0' ],
30 silly audit   '@scure/bip39': [ '1.3.0' ],
30 silly audit   '@sentry/core': [ '9.47.1' ],
30 silly audit   '@streamparser/json': [ '0.0.22' ],
30 silly audit   '@streamparser/json-node': [ '0.0.22' ],
30 silly audit   '@types/node': [ '22.7.5' ],
30 silly audit   accepts: [ '1.3.8' ],
30 silly audit   'adm-zip': [ '0.4.16' ],
30 silly audit   'aes-js': [ '4.0.0-beta.5' ],
30 silly audit   'ansi-colors': [ '4.1.3' ],
30 silly audit   'ansi-regex': [ '5.0.1' ],
30 silly audit   'array-flatten': [ '1.1.1' ],
30 silly audit   'body-parser': [ '1.20.4' ],
30 silly audit   bytes: [ '3.1.2' ],
30 silly audit   'call-bind-apply-helpers': [ '1.0.2' ],
30 silly audit   'call-bound': [ '1.0.4' ],
30 silly audit   chalk: [ '5.6.2' ],
30 silly audit   chokidar: [ '4.0.3' ],
30 silly audit   'content-disposition': [ '0.5.4' ],
30 silly audit   'content-type': [ '1.0.5' ],
30 silly audit   cookie: [ '0.7.2' ],
30 silly audit   'cookie-signature': [ '1.0.7' ],
30 silly audit   depd: [ '2.0.0' ],
30 silly audit   destroy: [ '1.2.0' ],
30 silly audit   'dunder-proto': [ '1.0.1' ],
30 silly audit   'ee-first': [ '1.1.1' ],
30 silly audit   encodeurl: [ '2.0.0' ],
30 silly audit   enquirer: [ '2.4.1' ],
30 silly audit   'env-paths': [ '2.2.1' ],
30 silly audit   'es-define-property': [ '1.0.1' ],
30 silly audit   'es-errors': [ '1.3.0' ],
30 silly audit   'es-object-atoms': [ '1.1.1' ],
30 silly audit   esbuild: [ '0.27.7' ],
30 silly audit   'escape-html': [ '1.0.3' ],
30 silly audit   etag: [ '1.8.1' ],
30 silly audit   'ethereum-cryptography': [ '2.2.1' ],
30 silly audit   ws: [ '8.20.0', '8.17.1' ],
30 silly audit   express: [ '4.22.1' ],
30 silly audit   'fast-equals': [ '5.4.0' ],
30 silly audit   finalhandler: [ '1.3.2' ],
30 silly audit   forwarded: [ '0.2.0' ],
30 silly audit   fresh: [ '0.5.2' ],
30 silly audit   fsevents: [ '2.3.3' ],
30 silly audit   'function-bind': [ '1.1.2' ],
30 silly audit   'get-intrinsic': [ '1.3.0' ],
30 silly audit   'get-proto': [ '1.0.1' ],
30 silly audit   'get-tsconfig': [ '4.14.0' ],
30 silly audit   gopd: [ '1.2.0' ],
30 silly audit   hardhat: [ '3.4.1' ],
30 silly audit   'has-symbols': [ '1.1.0' ],
30 silly audit   hasown: [ '2.0.3' ],
30 silly audit   'http-errors': [ '2.0.1' ],
30 silly audit   'iconv-lite': [ '0.4.24' ],
30 silly audit   inherits: [ '2.0.4' ],
30 silly audit   'ipaddr.js': [ '1.9.1' ],
30 silly audit   'json-stream-stringify': [ '3.1.6' ],
30 silly audit   'math-intrinsics': [ '1.1.0' ],
30 silly audit   'media-typer': [ '0.3.0' ],
30 silly audit   'merge-descriptors': [ '1.0.3' ],
30 silly audit   methods: [ '1.1.2' ],
30 silly audit   'micro-eth-signer': [ '0.14.0' ],
30 silly audit   'micro-packed': [ '0.7.3' ],
30 silly audit   mime: [ '1.6.0' ],
30 silly audit   'mime-db': [ '1.52.0' ],
30 silly audit   'mime-types': [ '2.1.35' ],
30 silly audit   negotiator: [ '0.6.3' ],
30 silly audit   'object-inspect': [ '1.13.4' ],
30 silly audit   'on-finished': [ '2.4.1' ],
30 silly audit   'p-map': [ '7.0.4' ],
30 silly audit   parseurl: [ '1.3.3' ],
30 silly audit   'path-to-regexp': [ '0.1.13' ],
30 silly audit   'proxy-addr': [ '2.0.7' ],
30 silly audit   qs: [ '6.14.2' ],
30 silly audit   'range-parser': [ '1.2.1' ],
30 silly audit   'raw-body': [ '2.5.3' ],
30 silly audit   readdirp: [ '4.1.2' ],
30 silly audit   'resolve-pkg-maps': [ '1.0.0' ],
30 silly audit   'resolve.exports': [ '2.0.3' ],
30 silly audit   rfdc: [ '1.4.1' ],
30 silly audit   'safe-buffer': [ '5.2.1' ],
30 silly audit   'safer-buffer': [ '2.1.2' ],
30 silly audit   semver: [ '7.7.4' ],
30 silly audit   send: [ '0.19.2' ],
30 silly audit   'serve-static': [ '1.16.3' ],
30 silly audit   setprototypeof: [ '1.2.0' ],
30 silly audit   'side-channel': [ '1.1.0' ],
30 silly audit   'side-channel-list': [ '1.0.1' ],
30 silly audit   'side-channel-map': [ '1.0.1' ],
30 silly audit   'side-channel-weakmap': [ '1.0.2' ],
30 silly audit   statuses: [ '2.0.2' ],
30 silly audit   'strip-ansi': [ '6.0.1' ],
30 silly audit   toidentifier: [ '1.0.1' ],
30 silly audit   tslib: [ '2.7.0' ],
30 silly audit   tsx: [ '4.21.0' ],
30 silly audit   'type-is': [ '1.6.18' ],
30 silly audit   undici: [ '6.25.0' ],
30 silly audit   'undici-types': [ '6.19.8' ],
30 silly audit   unpipe: [ '1.0.0' ],
30 silly audit   'utils-merge': [ '1.0.1' ],
30 silly audit   uuid: [ '9.0.1' ],
30 silly audit   vary: [ '1.1.2' ],
30 silly audit   zod: [ '3.25.76' ],
30 silly audit   '@google/generative-ai': [ '0.24.1' ],
30 silly audit   dotenv: [ '16.6.1' ],
30 silly audit   ethers: [ '6.16.0' ]
30 silly audit }
31 http cache @google/generative-ai@https://registry.npmjs.org/@google/generative-ai/-/generative-ai-0.24.1.tgz 0ms (cache hit)
32 silly tarball no local data for @google/generative-ai@https://registry.npmjs.org/@google/generative-ai/-/generative-ai-0.24.1.tgz. Extracting by manifest.
33 http fetch POST 200 https://registry.npmjs.org/-/npm/v1/security/advisories/bulk 177ms
34 silly audit report {
34 silly audit report   uuid: [
34 silly audit report     {
34 silly audit report       id: 1116970,
34 silly audit report       url: 'https://github.com/advisories/GHSA-w5hq-g745-h8pq',
34 silly audit report       title: 'uuid: Missing buffer bounds check in v3/v5/v6 when buf is provided',
34 silly audit report       severity: 'moderate',
34 silly audit report       vulnerable_versions: '<14.0.0',
34 silly audit report       cwe: [Array],
34 silly audit report       cvss: [Object]
34 silly audit report     }
34 silly audit report   ]
34 silly audit report }
35 silly packumentCache corgi:https://registry.npmjs.org/uuid cache-miss
36 http fetch GET 200 https://registry.npmjs.org/uuid 141ms (cache revalidated)
37 silly packumentCache corgi:https://registry.npmjs.org/uuid set size:72733 disposed:false
38 http fetch GET 200 https://registry.npmjs.org/@google/generative-ai/-/generative-ai-0.24.1.tgz 881ms (cache miss)
39 silly ADD node_modules/@google/generative-ai
40 verbose cwd /data/data/com.termux/files/home
41 verbose os Linux 6.12.23-android16-5-abA165MUBS8CZB4-4k
42 verbose node v25.8.2
43 verbose npm  v11.12.1
44 verbose exit 0
45 info ok
