0 verbose cli /data/data/com.termux/files/usr/bin/node /data/data/com.termux/files/usr/bin/npm
1 info using npm@11.13.0
2 info using node@v25.8.2
3 silly config load:file:/data/data/com.termux/files/usr/lib/node_modules/npm/npmrc
4 silly config load:file:/data/data/com.termux/files/home/.npmrc
5 silly config load:file:/data/data/com.termux/files/usr/etc/npmrc
6 verbose title npm install discord.js @google/generative-ai dotenv
7 verbose argv "install" "discord.js" "@google/generative-ai" "dotenv"
8 verbose logfile logs-max:10 dir:/data/data/com.termux/files/home/.npm/_logs/2026-04-28T09_48_16_068Z-
9 verbose logfile /data/data/com.termux/files/home/.npm/_logs/2026-04-28T09_48_16_068Z-debug-0.log
10 silly logfile start cleaning logs, removing 1 files
11 silly packumentCache heap:1174405120 maxSize:293601280 maxEntrySize:146800640
12 silly logfile done cleaning log files
13 silly idealTree buildDeps
14 silly fetch manifest @google/generative-ai@^0.24.1
15 silly packumentCache full:https://registry.npmjs.org/@google%2fgenerative-ai cache-miss
16 http fetch GET 200 https://registry.npmjs.org/@google%2fgenerative-ai 11951ms (cache revalidated)
17 silly packumentCache full:https://registry.npmjs.org/@google%2fgenerative-ai set size:118041 disposed:false
18 silly fetch manifest dotenv@^16.6.1
19 silly packumentCache full:https://registry.npmjs.org/dotenv cache-miss
20 http fetch GET 200 https://registry.npmjs.org/dotenv 119ms (cache revalidated)
21 silly packumentCache full:https://registry.npmjs.org/dotenv set size:277832 disposed:false
22 silly fetch manifest discord.js@*
23 silly packumentCache full:https://registry.npmjs.org/discord.js cache-miss
24 http fetch GET 200 https://registry.npmjs.org/discord.js 391ms (cache revalidated)
25 silly packumentCache full:https://registry.npmjs.org/discord.js set size:8605660 disposed:false
26 silly placeDep ROOT @google/generative-ai@0.24.1 REPLACE for: red-62-ruta-62@1.0.0 want: ^0.24.1
27 silly placeDep ROOT discord.js@14.26.3 OK for: red-62-ruta-62@1.0.0 want: *
28 silly placeDep ROOT dotenv@16.6.1 REPLACE for: red-62-ruta-62@1.0.0 want: ^16.6.1
29 silly fetch manifest undici@6.24.1
30 silly packumentCache full:https://registry.npmjs.org/undici cache-miss
31 silly fetch manifest @discordjs/ws@^1.2.3
32 silly packumentCache full:https://registry.npmjs.org/@discordjs%2fws cache-miss
33 silly fetch manifest magic-bytes.js@^1.13.0
34 silly packumentCache full:https://registry.npmjs.org/magic-bytes.js cache-miss
35 silly fetch manifest @discordjs/rest@^2.6.1
36 silly packumentCache full:https://registry.npmjs.org/@discordjs%2frest cache-miss
37 silly fetch manifest @discordjs/util@^1.2.0
38 silly packumentCache full:https://registry.npmjs.org/@discordjs%2futil cache-miss
39 silly fetch manifest fast-deep-equal@3.1.3
40 silly packumentCache full:https://registry.npmjs.org/fast-deep-equal cache-miss
41 silly fetch manifest lodash.snakecase@4.1.1
42 silly packumentCache full:https://registry.npmjs.org/lodash.snakecase cache-miss
43 http fetch GET 200 https://registry.npmjs.org/fast-deep-equal 156ms (cache miss)
44 silly packumentCache full:https://registry.npmjs.org/fast-deep-equal set size:undefined disposed:false
45 silly fetch manifest discord-api-types@^0.38.40
46 silly packumentCache full:https://registry.npmjs.org/discord-api-types cache-miss
47 http fetch GET 200 https://registry.npmjs.org/discord-api-types 580ms (cache revalidated)
48 silly packumentCache full:https://registry.npmjs.org/discord-api-types set size:8136472 disposed:false
49 silly fetch manifest @discordjs/builders@^1.14.1
50 silly packumentCache full:https://registry.npmjs.org/@discordjs%2fbuilders cache-miss
51 http fetch GET 200 https://registry.npmjs.org/magic-bytes.js 937ms (cache revalidated)
52 silly packumentCache full:https://registry.npmjs.org/magic-bytes.js set size:127104 disposed:false
53 silly fetch manifest @sapphire/snowflake@3.5.3
54 silly packumentCache full:https://registry.npmjs.org/@sapphire%2fsnowflake cache-miss
55 http fetch GET 200 https://registry.npmjs.org/undici 961ms (cache revalidated)
56 silly packumentCache full:https://registry.npmjs.org/undici set size:1370112 disposed:false
57 silly fetch manifest @discordjs/collection@1.5.3
58 silly packumentCache full:https://registry.npmjs.org/@discordjs%2fcollection cache-miss
59 http fetch GET 200 https://registry.npmjs.org/@discordjs%2frest 1053ms (cache revalidated)
60 silly packumentCache full:https://registry.npmjs.org/@discordjs%2frest set size:6084868 disposed:false
61 silly fetch manifest @discordjs/formatters@^0.6.2
62 silly packumentCache full:https://registry.npmjs.org/@discordjs%2fformatters cache-miss
63 http fetch GET 200 https://registry.npmjs.org/@discordjs%2fws 1265ms (cache revalidated)
64 silly packumentCache full:https://registry.npmjs.org/@discordjs%2fws set size:5644309 disposed:false
65 http fetch GET 200 https://registry.npmjs.org/@discordjs%2futil 1472ms (cache revalidated)
66 silly packumentCache full:https://registry.npmjs.org/@discordjs%2futil set size:4404789 disposed:false
67 http fetch GET 200 https://registry.npmjs.org/@sapphire%2fsnowflake 702ms (cache revalidated)
68 silly packumentCache full:https://registry.npmjs.org/@sapphire%2fsnowflake set size:3056270 disposed:false
69 http fetch GET 200 https://registry.npmjs.org/@discordjs%2fcollection 738ms (cache revalidated)
70 silly packumentCache full:https://registry.npmjs.org/@discordjs%2fcollection set size:5602516 disposed:false
71 http fetch GET 200 https://registry.npmjs.org/@discordjs%2fbuilders 962ms (cache revalidated)
72 silly packumentCache full:https://registry.npmjs.org/@discordjs%2fbuilders set size:6001457 disposed:false
73 http fetch GET 200 https://registry.npmjs.org/lodash.snakecase 2033ms (cache revalidated)
74 silly packumentCache full:https://registry.npmjs.org/lodash.snakecase set size:16878 disposed:false
75 http fetch GET 200 https://registry.npmjs.org/@discordjs%2fformatters 1454ms (cache revalidated)
76 silly packumentCache full:https://registry.npmjs.org/@discordjs%2fformatters set size:3948039 disposed:false
77 silly placeDep ROOT @discordjs/builders@1.14.1 OK for: discord.js@14.26.3 want: ^1.14.1
78 silly placeDep ROOT @discordjs/collection@1.5.3 OK for: discord.js@14.26.3 want: 1.5.3
79 silly placeDep ROOT @discordjs/formatters@0.6.2 OK for: discord.js@14.26.3 want: ^0.6.2
80 silly placeDep ROOT @discordjs/rest@2.6.1 OK for: discord.js@14.26.3 want: ^2.6.1
81 silly placeDep ROOT @discordjs/util@1.2.0 OK for: discord.js@14.26.3 want: ^1.2.0
82 silly placeDep ROOT @discordjs/ws@1.2.3 OK for: discord.js@14.26.3 want: ^1.2.3
83 silly placeDep ROOT @sapphire/snowflake@3.5.3 OK for: discord.js@14.26.3 want: 3.5.3
84 silly placeDep ROOT discord-api-types@0.38.47 OK for: discord.js@14.26.3 want: ^0.38.40
85 silly placeDep ROOT fast-deep-equal@3.1.3 OK for: discord.js@14.26.3 want: 3.1.3
86 silly placeDep ROOT lodash.snakecase@4.1.1 OK for: discord.js@14.26.3 want: 4.1.1
87 silly placeDep ROOT magic-bytes.js@1.13.0 OK for: discord.js@14.26.3 want: ^1.13.0
88 silly placeDep node_modules/discord.js undici@6.24.1 OK for: discord.js@14.26.3 want: 6.24.1
89 silly fetch manifest ts-mixer@^6.0.4
90 silly packumentCache full:https://registry.npmjs.org/ts-mixer cache-miss
91 silly fetch manifest fast-deep-equal@^3.1.3
92 silly packumentCache full:https://registry.npmjs.org/fast-deep-equal cache-miss
93 silly fetch manifest @sapphire/shapeshift@^4.0.0
94 silly packumentCache full:https://registry.npmjs.org/@sapphire%2fshapeshift cache-miss
95 silly fetch manifest discord-api-types@^0.38.33
96 silly packumentCache full:https://registry.npmjs.org/discord-api-types cache-miss
97 silly fetch manifest @sapphire/snowflake@^3.5.5
98 silly packumentCache full:https://registry.npmjs.org/@sapphire%2fsnowflake cache-miss
99 silly fetch manifest @discordjs/collection@^2.1.1
100 silly packumentCache full:https://registry.npmjs.org/@discordjs%2fcollection cache-miss
101 silly fetch manifest @sapphire/async-queue@^1.5.3
102 silly packumentCache full:https://registry.npmjs.org/@sapphire%2fasync-queue cache-miss
103 http cache https://registry.npmjs.org/fast-deep-equal 38ms (cache hit)
104 silly packumentCache full:https://registry.npmjs.org/fast-deep-equal set size:48634 disposed:false
105 silly fetch manifest @vladfrangu/async_event_emitter@^2.4.6
106 silly packumentCache full:https://registry.npmjs.org/@vladfrangu%2fasync_event_emitter cache-miss
107 http cache https://registry.npmjs.org/@sapphire%2fsnowflake 50ms (cache hit)
108 silly packumentCache full:https://registry.npmjs.org/@sapphire%2fsnowflake set size:3056270 disposed:false
109 silly fetch manifest discord-api-types@^0.38.33
110 silly packumentCache full:https://registry.npmjs.org/discord-api-types cache-miss
111 http cache https://registry.npmjs.org/discord-api-types 149ms (cache hit)
112 silly packumentCache full:https://registry.npmjs.org/discord-api-types set size:8136472 disposed:false
113 silly fetch manifest @types/ws@^8.5.10
114 silly packumentCache full:https://registry.npmjs.org/@types%2fws cache-miss
115 http cache https://registry.npmjs.org/@discordjs%2fcollection 338ms (cache hit)
116 silly packumentCache full:https://registry.npmjs.org/@discordjs%2fcollection set size:5602516 disposed:false
117 silly fetch manifest discord-api-types@^0.38.1
118 silly packumentCache full:https://registry.npmjs.org/discord-api-types cache-miss
119 http fetch GET 200 https://registry.npmjs.org/ts-mixer 545ms (cache revalidated)
120 silly packumentCache full:https://registry.npmjs.org/ts-mixer set size:186053 disposed:false
121 silly fetch manifest @discordjs/collection@^2.1.0
122 silly packumentCache full:https://registry.npmjs.org/@discordjs%2fcollection cache-miss
123 http fetch GET 200 https://registry.npmjs.org/@sapphire%2fshapeshift 564ms (cache revalidated)
124 silly packumentCache full:https://registry.npmjs.org/@sapphire%2fshapeshift set size:2120584 disposed:false
125 silly fetch manifest @sapphire/async-queue@^1.5.2
126 silly packumentCache full:https://registry.npmjs.org/@sapphire%2fasync-queue cache-miss
127 http cache https://registry.npmjs.org/discord-api-types 556ms (cache hit)
128 silly packumentCache full:https://registry.npmjs.org/discord-api-types set size:8136472 disposed:false
129 silly fetch manifest @vladfrangu/async_event_emitter@^2.2.4
130 silly packumentCache full:https://registry.npmjs.org/@vladfrangu%2fasync_event_emitter cache-miss
131 http cache https://registry.npmjs.org/discord-api-types 431ms (cache hit)
132 silly packumentCache full:https://registry.npmjs.org/discord-api-types set size:8136472 disposed:false
133 http cache https://registry.npmjs.org/@discordjs%2fcollection 587ms (cache hit)
134 silly packumentCache full:https://registry.npmjs.org/@discordjs%2fcollection set size:5602516 disposed:false
135 http fetch GET 200 https://registry.npmjs.org/@types%2fws 967ms (cache revalidated)
136 silly packumentCache full:https://registry.npmjs.org/@types%2fws set size:167959 disposed:false
137 http fetch GET 200 https://registry.npmjs.org/@vladfrangu%2fasync_event_emitter 1258ms (cache revalidated)
138 silly packumentCache full:https://registry.npmjs.org/@vladfrangu%2fasync_event_emitter set size:290320 disposed:false
139 http fetch GET 200 https://registry.npmjs.org/@sapphire%2fasync-queue 1312ms (cache revalidated)
140 silly packumentCache full:https://registry.npmjs.org/@sapphire%2fasync-queue set size:2902259 disposed:false
141 http fetch GET 200 https://registry.npmjs.org/@sapphire%2fasync-queue 768ms (cache revalidated)
142 silly packumentCache full:https://registry.npmjs.org/@sapphire%2fasync-queue set size:2902259 disposed:false
143 http fetch GET 200 https://registry.npmjs.org/@vladfrangu%2fasync_event_emitter 790ms (cache revalidated)
144 silly packumentCache full:https://registry.npmjs.org/@vladfrangu%2fasync_event_emitter set size:290320 disposed:false
145 silly packumentCache full:https://registry.npmjs.org/@vladfrangu%2fasync_event_emitter dispose
146 silly placeDep ROOT @sapphire/shapeshift@4.0.0 OK for: @discordjs/builders@1.14.1 want: ^4.0.0
147 silly placeDep ROOT ts-mixer@6.0.4 OK for: @discordjs/builders@1.14.1 want: ^6.0.4
148 silly fetch manifest lodash@^4.17.21
149 silly packumentCache full:https://registry.npmjs.org/lodash cache-miss
150 http fetch GET 200 https://registry.npmjs.org/lodash 329ms (cache updated)
151 silly packumentCache full:https://registry.npmjs.org/lodash set size:undefined disposed:false
152 silly placeDep node_modules/@discordjs/rest @discordjs/collection@2.1.1 OK for: @discordjs/rest@2.6.1 want: ^2.1.1
153 silly placeDep ROOT @sapphire/async-queue@1.5.5 OK for: @discordjs/rest@2.6.1 want: ^1.5.3
154 silly placeDep node_modules/@discordjs/rest @sapphire/snowflake@3.5.5 OK for: @discordjs/rest@2.6.1 want: ^3.5.5
155 silly placeDep ROOT @vladfrangu/async_event_emitter@2.4.7 OK for: @discordjs/rest@2.6.1 want: ^2.4.6
156 silly placeDep node_modules/@discordjs/rest undici@6.24.1 OK for: @discordjs/rest@2.6.1 want: 6.24.1
157 silly placeDep node_modules/@discordjs/ws @discordjs/collection@2.1.1 OK for: @discordjs/ws@1.2.3 want: ^2.1.0
158 silly placeDep ROOT @types/ws@8.18.1 OK for: @discordjs/ws@1.2.3 want: ^8.5.10
159 silly placeDep ROOT lodash@4.18.1 OK for: @sapphire/shapeshift@4.0.0 want: ^4.17.21
160 silly reify moves {}
161 silly audit bulk request {
161 silly audit   '@adraffy/ens-normalize': [ '1.10.1' ],
161 silly audit   '@esbuild/aix-ppc64': [ '0.27.7' ],
161 silly audit   '@esbuild/android-arm': [ '0.27.7' ],
161 silly audit   '@esbuild/android-arm64': [ '0.27.7' ],
161 silly audit   '@esbuild/android-x64': [ '0.27.7' ],
161 silly audit   '@esbuild/darwin-arm64': [ '0.27.7' ],
161 silly audit   '@esbuild/darwin-x64': [ '0.27.7' ],
161 silly audit   '@esbuild/freebsd-arm64': [ '0.27.7' ],
161 silly audit   '@esbuild/freebsd-x64': [ '0.27.7' ],
161 silly audit   '@esbuild/linux-arm': [ '0.27.7' ],
161 silly audit   '@esbuild/linux-arm64': [ '0.27.7' ],
161 silly audit   '@esbuild/linux-ia32': [ '0.27.7' ],
161 silly audit   '@esbuild/linux-loong64': [ '0.27.7' ],
161 silly audit   '@esbuild/linux-mips64el': [ '0.27.7' ],
161 silly audit   '@esbuild/linux-ppc64': [ '0.27.7' ],
161 silly audit   '@esbuild/linux-riscv64': [ '0.27.7' ],
161 silly audit   '@esbuild/linux-s390x': [ '0.27.7' ],
161 silly audit   '@esbuild/linux-x64': [ '0.27.7' ],
161 silly audit   '@esbuild/netbsd-arm64': [ '0.27.7' ],
161 silly audit   '@esbuild/netbsd-x64': [ '0.27.7' ],
161 silly audit   '@esbuild/openbsd-arm64': [ '0.27.7' ],
161 silly audit   '@esbuild/openbsd-x64': [ '0.27.7' ],
161 silly audit   '@esbuild/openharmony-arm64': [ '0.27.7' ],
161 silly audit   '@esbuild/sunos-x64': [ '0.27.7' ],
161 silly audit   '@esbuild/win32-arm64': [ '0.27.7' ],
161 silly audit   '@esbuild/win32-ia32': [ '0.27.7' ],
161 silly audit   '@esbuild/win32-x64': [ '0.27.7' ],
161 silly audit   '@noble/curves': [ '1.2.0', '1.4.2', '1.8.2' ],
161 silly audit   '@noble/hashes': [ '1.3.2', '1.4.0', '1.7.2' ],
161 silly audit   '@nomicfoundation/edr': [ '0.12.0-next.29' ],
161 silly audit   '@nomicfoundation/edr-darwin-arm64': [ '0.12.0-next.29' ],
161 silly audit   '@nomicfoundation/edr-darwin-x64': [ '0.12.0-next.29' ],
161 silly audit   '@nomicfoundation/edr-linux-arm64-gnu': [ '0.12.0-next.29' ],
161 silly audit   '@nomicfoundation/edr-linux-arm64-musl': [ '0.12.0-next.29' ],
161 silly audit   '@nomicfoundation/edr-linux-x64-gnu': [ '0.12.0-next.29' ],
161 silly audit   '@nomicfoundation/edr-linux-x64-musl': [ '0.12.0-next.29' ],
161 silly audit   '@nomicfoundation/edr-win32-x64-msvc': [ '0.12.0-next.29' ],
161 silly audit   '@nomicfoundation/hardhat-errors': [ '3.0.11' ],
161 silly audit   '@nomicfoundation/hardhat-toolbox': [ '7.0.0' ],
161 silly audit   '@nomicfoundation/hardhat-utils': [ '4.0.4' ],
161 silly audit   debug: [ '4.4.3', '2.6.9' ],
161 silly audit   ms: [ '2.1.3', '2.0.0' ],
161 silly audit   '@nomicfoundation/hardhat-vendored': [ '3.0.2' ],
161 silly audit   '@nomicfoundation/hardhat-zod-utils': [ '3.0.4' ],
161 silly audit   '@nomicfoundation/solidity-analyzer': [ '0.1.2' ],
161 silly audit   '@nomicfoundation/solidity-analyzer-darwin-arm64': [ '0.1.2' ],
161 silly audit   '@nomicfoundation/solidity-analyzer-darwin-x64': [ '0.1.2' ],
161 silly audit   '@nomicfoundation/solidity-analyzer-linux-arm64-gnu': [ '0.1.2' ],
161 silly audit   '@nomicfoundation/solidity-analyzer-linux-arm64-musl': [ '0.1.2' ],
161 silly audit   '@nomicfoundation/solidity-analyzer-linux-x64-gnu': [ '0.1.2' ],
161 silly audit   '@nomicfoundation/solidity-analyzer-linux-x64-musl': [ '0.1.2' ],
161 silly audit   '@nomicfoundation/solidity-analyzer-win32-x64-msvc': [ '0.1.2' ],
161 silly audit   '@scure/base': [ '1.1.9', '1.2.6' ],
161 silly audit   '@scure/bip32': [ '1.4.0' ],
161 silly audit   '@scure/bip39': [ '1.3.0' ],
161 silly audit   '@sentry/core': [ '9.47.1' ],
161 silly audit   '@streamparser/json': [ '0.0.22' ],
161 silly audit   '@streamparser/json-node': [ '0.0.22' ],
161 silly audit   '@types/node': [ '22.7.5' ],
161 silly audit   accepts: [ '1.3.8' ],
161 silly audit   'adm-zip': [ '0.4.16' ],
161 silly audit   'aes-js': [ '4.0.0-beta.5' ],
161 silly audit   'ansi-colors': [ '4.1.3' ],
161 silly audit   'ansi-regex': [ '5.0.1' ],
161 silly audit   'array-flatten': [ '1.1.1' ],
161 silly audit   'body-parser': [ '1.20.4' ],
161 silly audit   bytes: [ '3.1.2' ],
161 silly audit   'call-bind-apply-helpers': [ '1.0.2' ],
161 silly audit   'call-bound': [ '1.0.4' ],
161 silly audit   chalk: [ '5.6.2' ],
161 silly audit   chokidar: [ '4.0.3' ],
161 silly audit   'content-disposition': [ '0.5.4' ],
161 silly audit   'content-type': [ '1.0.5' ],
161 silly audit   cookie: [ '0.7.2' ],
161 silly audit   'cookie-signature': [ '1.0.7' ],
161 silly audit   depd: [ '2.0.0' ],
161 silly audit   destroy: [ '1.2.0' ],
161 silly audit   'dunder-proto': [ '1.0.1' ],
161 silly audit   'ee-first': [ '1.1.1' ],
161 silly audit   encodeurl: [ '2.0.0' ],
161 silly audit   enquirer: [ '2.4.1' ],
161 silly audit   'env-paths': [ '2.2.1' ],
161 silly audit   'es-define-property': [ '1.0.1' ],
161 silly audit   'es-errors': [ '1.3.0' ],
161 silly audit   'es-object-atoms': [ '1.1.1' ],
161 silly audit   esbuild: [ '0.27.7' ],
161 silly audit   'escape-html': [ '1.0.3' ],
161 silly audit   etag: [ '1.8.1' ],
161 silly audit   'ethereum-cryptography': [ '2.2.1' ],
161 silly audit   ethers: [ '6.16.0' ],
161 silly audit   ws: [ '8.17.1', '8.20.0' ],
161 silly audit   express: [ '4.22.1' ],
161 silly audit   'fast-equals': [ '5.4.0' ],
161 silly audit   finalhandler: [ '1.3.2' ],
161 silly audit   forwarded: [ '0.2.0' ],
161 silly audit   fresh: [ '0.5.2' ],
161 silly audit   fsevents: [ '2.3.3' ],
161 silly audit   'function-bind': [ '1.1.2' ],
161 silly audit   'get-intrinsic': [ '1.3.0' ],
161 silly audit   'get-proto': [ '1.0.1' ],
161 silly audit   'get-tsconfig': [ '4.14.0' ],
161 silly audit   gopd: [ '1.2.0' ],
161 silly audit   hardhat: [ '3.4.1' ],
161 silly audit   'has-symbols': [ '1.1.0' ],
161 silly audit   hasown: [ '2.0.3' ],
161 silly audit   'http-errors': [ '2.0.1' ],
161 silly audit   'iconv-lite': [ '0.4.24' ],
161 silly audit   inherits: [ '2.0.4' ],
161 silly audit   'ipaddr.js': [ '1.9.1' ],
161 silly audit   'json-stream-stringify': [ '3.1.6' ],
161 silly audit   'math-intrinsics': [ '1.1.0' ],
161 silly audit   'media-typer': [ '0.3.0' ],
161 silly audit   'merge-descriptors': [ '1.0.3' ],
161 silly audit   methods: [ '1.1.2' ],
161 silly audit   'micro-eth-signer': [ '0.14.0' ],
161 silly audit   'micro-packed': [ '0.7.3' ],
161 silly audit   mime: [ '1.6.0' ],
161 silly audit   'mime-db': [ '1.52.0' ],
161 silly audit   'mime-types': [ '2.1.35' ],
161 silly audit   negotiator: [ '0.6.3' ],
161 silly audit   'object-inspect': [ '1.13.4' ],
161 silly audit   'on-finished': [ '2.4.1' ],
161 silly audit   'p-map': [ '7.0.4' ],
161 silly audit   parseurl: [ '1.3.3' ],
161 silly audit   'path-to-regexp': [ '0.1.13' ],
161 silly audit   'proxy-addr': [ '2.0.7' ],
161 silly audit   qs: [ '6.14.2' ],
161 silly audit   'range-parser': [ '1.2.1' ],
161 silly audit   'raw-body': [ '2.5.3' ],
161 silly audit   readdirp: [ '4.1.2' ],
161 silly audit   'resolve-pkg-maps': [ '1.0.0' ],
161 silly audit   'resolve.exports': [ '2.0.3' ],
161 silly audit   rfdc: [ '1.4.1' ],
161 silly audit   'safe-buffer': [ '5.2.1' ],
161 silly audit   'safer-buffer': [ '2.1.2' ],
161 silly audit   semver: [ '7.7.4' ],
161 silly audit   send: [ '0.19.2' ],
161 silly audit   'serve-static': [ '1.16.3' ],
161 silly audit   setprototypeof: [ '1.2.0' ],
161 silly audit   'side-channel': [ '1.1.0' ],
161 silly audit   'side-channel-list': [ '1.0.1' ],
161 silly audit   'side-channel-map': [ '1.0.1' ],
161 silly audit   'side-channel-weakmap': [ '1.0.2' ],
161 silly audit   statuses: [ '2.0.2' ],
161 silly audit   'strip-ansi': [ '6.0.1' ],
161 silly audit   toidentifier: [ '1.0.1' ],
161 silly audit   tslib: [ '2.7.0' ],
161 silly audit   tsx: [ '4.21.0' ],
161 silly audit   'type-is': [ '1.6.18' ],
161 silly audit   undici: [ '6.25.0', '6.24.1' ],
161 silly audit   'undici-types': [ '6.19.8' ],
161 silly audit   unpipe: [ '1.0.0' ],
161 silly audit   'utils-merge': [ '1.0.1' ],
161 silly audit   uuid: [ '9.0.1' ],
161 silly audit   vary: [ '1.1.2' ],
161 silly audit   zod: [ '3.25.76' ],
161 silly audit   '@google/generative-ai': [ '0.24.1' ],
161 silly audit   'discord.js': [ '14.26.3' ],
161 silly audit   dotenv: [ '16.6.1' ],
161 silly audit   '@discordjs/builders': [ '1.14.1' ],
161 silly audit   '@discordjs/collection': [ '1.5.3', '2.1.1' ],
161 silly audit   '@discordjs/formatters': [ '0.6.2' ],
161 silly audit   '@discordjs/rest': [ '2.6.1' ],
161 silly audit   '@discordjs/util': [ '1.2.0' ],
161 silly audit   '@discordjs/ws': [ '1.2.3' ],
161 silly audit   '@sapphire/snowflake': [ '3.5.3', '3.5.5' ],
161 silly audit   'discord-api-types': [ '0.38.47' ],
161 silly audit   'fast-deep-equal': [ '3.1.3' ],
161 silly audit   'lodash.snakecase': [ '4.1.1' ],
161 silly audit   'magic-bytes.js': [ '1.13.0' ],
161 silly audit   '@sapphire/shapeshift': [ '4.0.0' ],
161 silly audit   'ts-mixer': [ '6.0.4' ],
161 silly audit   '@sapphire/async-queue': [ '1.5.5' ],
161 silly audit   '@vladfrangu/async_event_emitter': [ '2.4.7' ],
161 silly audit   '@types/ws': [ '8.18.1' ],
161 silly audit   lodash: [ '4.18.1' ]
161 silly audit }
162 http cache lodash@https://registry.npmjs.org/lodash/-/lodash-4.18.1.tgz 0ms (cache hit)
163 http cache @vladfrangu/async_event_emitter@https://registry.npmjs.org/@vladfrangu/async_event_emitter/-/async_event_emitter-2.4.7.tgz 0ms (cache hit)
164 http cache @types/ws@https://registry.npmjs.org/@types/ws/-/ws-8.18.1.tgz 0ms (cache hit)
165 http cache @sapphire/shapeshift@https://registry.npmjs.org/@sapphire/shapeshift/-/shapeshift-4.0.0.tgz 0ms (cache hit)
166 http cache magic-bytes.js@https://registry.npmjs.org/magic-bytes.js/-/magic-bytes.js-1.13.0.tgz 0ms (cache hit)
167 http cache lodash.snakecase@https://registry.npmjs.org/lodash.snakecase/-/lodash.snakecase-4.1.1.tgz 0ms (cache hit)
168 http cache fast-deep-equal@https://registry.npmjs.org/fast-deep-equal/-/fast-deep-equal-3.1.3.tgz 0ms (cache hit)
169 http cache discord-api-types@https://registry.npmjs.org/discord-api-types/-/discord-api-types-0.38.47.tgz 0ms (cache hit)
170 http cache ts-mixer@https://registry.npmjs.org/ts-mixer/-/ts-mixer-6.0.4.tgz 0ms (cache hit)
171 http cache @sapphire/snowflake@https://registry.npmjs.org/@sapphire/snowflake/-/snowflake-3.5.3.tgz 0ms (cache hit)
172 http cache @discordjs/ws@https://registry.npmjs.org/@discordjs/ws/-/ws-1.2.3.tgz 0ms (cache hit)
173 http cache @discordjs/util@https://registry.npmjs.org/@discordjs/util/-/util-1.2.0.tgz 0ms (cache hit)
174 http cache @discordjs/rest@https://registry.npmjs.org/@discordjs/rest/-/rest-2.6.1.tgz 0ms (cache hit)
175 http cache @discordjs/formatters@https://registry.npmjs.org/@discordjs/formatters/-/formatters-0.6.2.tgz 0ms (cache hit)
176 http cache @discordjs/collection@https://registry.npmjs.org/@discordjs/collection/-/collection-1.5.3.tgz 0ms (cache hit)
177 http cache @discordjs/builders@https://registry.npmjs.org/@discordjs/builders/-/builders-1.14.1.tgz 0ms (cache hit)
178 http cache @sapphire/async-queue@https://registry.npmjs.org/@sapphire/async-queue/-/async-queue-1.5.5.tgz 0ms (cache hit)
179 http cache discord.js@https://registry.npmjs.org/discord.js/-/discord.js-14.26.3.tgz 0ms (cache hit)
180 http cache undici@https://registry.npmjs.org/undici/-/undici-6.24.1.tgz 0ms (cache hit)
181 http cache @sapphire/snowflake@https://registry.npmjs.org/@sapphire/snowflake/-/snowflake-3.5.5.tgz 0ms (cache hit)
182 http cache undici@https://registry.npmjs.org/undici/-/undici-6.24.1.tgz 0ms (cache hit)
183 http cache @discordjs/collection@https://registry.npmjs.org/@discordjs/collection/-/collection-2.1.1.tgz 0ms (cache hit)
184 http cache @discordjs/collection@https://registry.npmjs.org/@discordjs/collection/-/collection-2.1.1.tgz 0ms (cache hit)
185 http fetch POST 200 https://registry.npmjs.org/-/npm/v1/security/advisories/bulk 466ms
186 silly audit report {
186 silly audit report   uuid: [
186 silly audit report     {
186 silly audit report       id: 1116970,
186 silly audit report       url: 'https://github.com/advisories/GHSA-w5hq-g745-h8pq',
186 silly audit report       title: 'uuid: Missing buffer bounds check in v3/v5/v6 when buf is provided',
186 silly audit report       severity: 'moderate',
186 silly audit report       vulnerable_versions: '<14.0.0',
186 silly audit report       cwe: [Array],
186 silly audit report       cvss: [Object]
186 silly audit report     }
186 silly audit report   ]
186 silly audit report }
187 silly packumentCache corgi:https://registry.npmjs.org/uuid cache-miss
188 http fetch GET 200 https://registry.npmjs.org/uuid 196ms (cache revalidated)
189 silly packumentCache corgi:https://registry.npmjs.org/uuid set size:72733 disposed:false
190 silly ADD node_modules/lodash
191 silly ADD node_modules/@types/ws
192 silly ADD node_modules/@vladfrangu/async_event_emitter
193 silly ADD node_modules/@sapphire/async-queue
194 silly ADD node_modules/ts-mixer
195 silly ADD node_modules/@sapphire/shapeshift
196 silly ADD node_modules/magic-bytes.js
197 silly ADD node_modules/lodash.snakecase
198 silly ADD node_modules/fast-deep-equal
199 silly ADD node_modules/discord-api-types
200 silly ADD node_modules/@sapphire/snowflake
201 silly ADD node_modules/@discordjs/ws
202 silly ADD node_modules/@discordjs/ws/node_modules/@discordjs/collection
203 silly ADD node_modules/@discordjs/util
204 silly ADD node_modules/@discordjs/rest
205 silly ADD node_modules/@discordjs/rest/node_modules/undici
206 silly ADD node_modules/@discordjs/rest/node_modules/@sapphire/snowflake
207 silly ADD node_modules/@discordjs/rest/node_modules/@discordjs/collection
208 silly ADD node_modules/@discordjs/formatters
209 silly ADD node_modules/@discordjs/collection
210 silly ADD node_modules/@discordjs/builders
211 silly ADD node_modules/discord.js
212 silly ADD node_modules/discord.js/node_modules/undici
213 verbose cwd /data/data/com.termux/files/home/red62-bot
214 verbose os Linux 6.12.23-android16-5-abA165MUBS8CZB4-4k
215 verbose node v25.8.2
216 verbose npm  v11.13.0
217 verbose exit 0
218 info ok
